"C:\Program Files\JetBrains\CLion 2019.2.5\bin\cmake\win\bin\cmake.exe" -DCMAKE_BUILD_TYPE=Debug -G "CodeBlocks - MinGW Makefiles" C:\Users\Hugo\Desktop\2ºano\Aeda\aeda1920_fp05
-- The C compiler identification is GNU 6.3.0
-- The CXX compiler identification is GNU 6.3.0
-- Check for working C compiler: C:/MinGW/bin/gcc.exe
-- Check for working C compiler: C:/MinGW/bin/gcc.exe -- broken
CMake Error at C:/Program Files/JetBrains/CLion 2019.2.5/bin/cmake/win/share/cmake-3.15/Modules/CMakeTestCCompiler.cmake:60 (message):
  The C compiler

    "C:/MinGW/bin/gcc.exe"

  is not able to compile a simple test program.

  It fails with the following output:

    Change Dir: C:/Users/Hugo/Desktop/2Âºano/Aeda/aeda1920_fp05/cmake-build-debug/CMakeFiles/CMakeTmp
    
    Run Build Command(s):C:/MinGW/bin/mingw32-make.exe cmTC_5e6ca/fast && C:/MinGW/bin/mingw32-make.exe -f CMakeFiles\cmTC_5e6ca.dir\build.make CMakeFiles/cmTC_5e6ca.dir/build
    mingw32-make.exe[1]: Entering directory 'C:/Users/Hugo/Desktop/2â•‘ano/Aeda/aeda1920_fp05/cmake-build-debug/CMakeFiles/CMakeTmp'
    Building C object CMakeFiles/cmTC_5e6ca.dir/testCCompiler.c.obj
    C:\MinGW\bin\gcc.exe    -o CMakeFiles\cmTC_5e6ca.dir\testCCompiler.c.obj   -c C:\Users\Hugo\Desktop\2â”¬â•‘ano\Aeda\aeda1920_fp05\cmake-build-debug\CMakeFiles\CMakeTmp\testCCompiler.c
    gcc.exe: error: C:\Users\Hugo\Desktop\2â”¬â•‘ano\Aeda\aeda1920_fp05\cmake-build-debug\CMakeFiles\CMakeTmp\testCCompiler.c: No such file or directory
    gcc.exe: fatal error: no input files
    compilation terminated.
    CMakeFiles\cmTC_5e6ca.dir\build.make:64: recipe for target 'CMakeFiles/cmTC_5e6ca.dir/testCCompiler.c.obj' failed
    mingw32-make.exe[1]: *** [CMakeFiles/cmTC_5e6ca.dir/testCCompiler.c.obj] Error 1
    mingw32-make.exe[1]: Leaving directory 'C:/Users/Hugo/Desktop/2â•‘ano/Aeda/aeda1920_fp05/cmake-build-debug/CMakeFiles/CMakeTmp'
    Makefile:120: recipe for target 'cmTC_5e6ca/fast' failed
    mingw32-make.exe: *** [cmTC_5e6ca/fast] Error 2
    
    

  

  CMake will not be able to correctly generate this project.
Call Stack (most recent call first):
  CMakeLists.txt:2 (project)


-- Configuring incomplete, errors occurred!
See also "C:/Users/Hugo/Desktop/2Âºano/Aeda/aeda1920_fp05/cmake-build-debug/CMakeFiles/CMakeOutput.log".
See also "C:/Users/Hugo/Desktop/2Âºano/Aeda/aeda1920_fp05/cmake-build-debug/CMakeFiles/CMakeError.log".
